TN:
SF:src\utils\operations.js
FN:1,(anonymous_0)
FN:4,(anonymous_1)
FN:7,(anonymous_2)
FN:10,(anonymous_3)
FN:13,(anonymous_4)
FN:17,(anonymous_5)
FN:20,(anonymous_6)
FN:24,(anonymous_7)
FN:29,(anonymous_8)
FN:33,(anonymous_9)
FNF:10
FNH:10
FNDA:3,(anonymous_0)
FNDA:3,(anonymous_1)
FNDA:3,(anonymous_2)
FNDA:3,(anonymous_3)
FNDA:3,(anonymous_4)
FNDA:3,(anonymous_5)
FNDA:3,(anonymous_6)
FNDA:3,(anonymous_7)
FNDA:3,(anonymous_8)
FNDA:3,(anonymous_9)
DA:1,1
DA:2,3
DA:4,1
DA:5,3
DA:7,1
DA:8,3
DA:10,1
DA:11,3
DA:13,1
DA:14,3
DA:15,3
DA:17,1
DA:18,3
DA:20,1
DA:21,3
DA:22,3
DA:24,1
DA:25,3
DA:26,3
DA:27,3
DA:29,1
DA:30,3
DA:31,3
DA:33,1
DA:34,3
LF:25
LH:25
BRF:0
BRH:0
end_of_record
